[debug] [2022-11-10T01:51:16.737Z] ----------------------------------------------------------------------
[debug] [2022-11-10T01:51:16.739Z] Command:       C:\Program Files\nodejs\node.exe C:\Users\Crystal\AppData\Roaming\npm\node_modules\firebase-tools\lib\bin\firebase.js init hosting
[debug] [2022-11-10T01:51:16.739Z] CLI Version:   11.7.0
[debug] [2022-11-10T01:51:16.739Z] Platform:      win32
[debug] [2022-11-10T01:51:16.740Z] Node Version:  v16.16.0
[debug] [2022-11-10T01:51:16.833Z] Time:          Thu Nov 10 2022 10:51:16 GMT+0900 (Japan Standard Time)
[debug] [2022-11-10T01:51:16.834Z] ----------------------------------------------------------------------
[debug] 
[debug] [2022-11-10T01:51:16.862Z] > command requires scopes: ["email","openid","https://www.googleapis.com/auth/cloudplatformprojects.readonly","https://www.googleapis.com/auth/firebase","https://www.googleapis.com/auth/cloud-platform"]
[debug] [2022-11-10T01:51:16.862Z] > authorizing via signed-in user (sasaki.suzume1120@gmail.com)
[info] 
     ######## #### ########  ######## ########     ###     ######  ########
     ##        ##  ##     ## ##       ##     ##  ##   ##  ##       ##
     ######    ##  ########  ######   ########  #########  ######  ######
     ##        ##  ##    ##  ##       ##     ## ##     ##       ## ##
     ##       #### ##     ## ######## ########  ##     ##  ######  ########

You're about to initialize a Firebase project in this directory:

  E:\sn_data\Daisuke potofilow\portofilow

[info] 
=== Project Setup
[info] 
[info] First, let's associate this project directory with a Firebase project.
[info] You can create multiple project aliases by running firebase use --add, 
[info] but for now we'll just set up a default project.
[info] 
[debug] [2022-11-10T01:53:57.862Z] > refreshing access token with scopes: []
[debug] [2022-11-10T01:53:57.864Z] >>> [apiv2][query] POST https://www.googleapis.com/oauth2/v3/token [none]
[debug] [2022-11-10T01:53:57.864Z] >>> [apiv2][body] POST https://www.googleapis.com/oauth2/v3/token [omitted]
[debug] [2022-11-10T01:53:58.881Z] <<< [apiv2][status] POST https://www.googleapis.com/oauth2/v3/token 200
[debug] [2022-11-10T01:53:58.882Z] <<< [apiv2][body] POST https://www.googleapis.com/oauth2/v3/token [omitted]
[debug] [2022-11-10T01:53:58.951Z] >>> [apiv2][query] GET https://firebase.googleapis.com/v1beta1/projects pageSize=100
[debug] [2022-11-10T01:54:00.018Z] <<< [apiv2][status] GET https://firebase.googleapis.com/v1beta1/projects 200
[debug] [2022-11-10T01:54:00.018Z] <<< [apiv2][body] GET https://firebase.googleapis.com/v1beta1/projects [omitted]
[debug] [2022-11-10T01:54:35.861Z] ----------------------------------------------------------------------
[debug] [2022-11-10T01:54:35.863Z] Command:       C:\Program Files\nodejs\node.exe C:\Users\Crystal\AppData\Roaming\npm\node_modules\firebase-tools\lib\bin\firebase.js init hosting
[debug] [2022-11-10T01:54:35.863Z] CLI Version:   11.7.0
[debug] [2022-11-10T01:54:35.863Z] Platform:      win32
[debug] [2022-11-10T01:54:35.864Z] Node Version:  v16.16.0
[debug] [2022-11-10T01:54:35.865Z] Time:          Thu Nov 10 2022 10:54:35 GMT+0900 (Japan Standard Time)
[debug] [2022-11-10T01:54:35.866Z] ----------------------------------------------------------------------
[debug] 
[debug] [2022-11-10T01:54:35.876Z] > command requires scopes: ["email","openid","https://www.googleapis.com/auth/cloudplatformprojects.readonly","https://www.googleapis.com/auth/firebase","https://www.googleapis.com/auth/cloud-platform"]
[debug] [2022-11-10T01:54:35.877Z] > authorizing via signed-in user (sasaki.suzume1120@gmail.com)
[info] 
     ######## #### ########  ######## ########     ###     ######  ########
     ##        ##  ##     ## ##       ##     ##  ##   ##  ##       ##
     ######    ##  ########  ######   ########  #########  ######  ######
     ##        ##  ##    ##  ##       ##     ## ##     ##       ## ##
     ##       #### ##     ## ######## ########  ##     ##  ######  ########

You're about to initialize a Firebase project in this directory:

  E:\sn_data\Daisuke potofilow\portofilow

[info] 
=== Project Setup
[info] 
[info] First, let's associate this project directory with a Firebase project.
[info] You can create multiple project aliases by running firebase use --add, 
[info] but for now we'll just set up a default project.
[info] 
[debug] [2022-11-10T01:54:39.712Z] >>> [apiv2][query] GET https://firebase.googleapis.com/v1beta1/projects pageSize=100
[debug] [2022-11-10T01:54:40.793Z] <<< [apiv2][status] GET https://firebase.googleapis.com/v1beta1/projects 200
[debug] [2022-11-10T01:54:40.793Z] <<< [apiv2][body] GET https://firebase.googleapis.com/v1beta1/projects [omitted]
[info] i  Using project daisuke-1120 (daisuke) 
[info] 
=== Hosting Setup
[info] 
[info] Your public directory is the folder (relative to your project directory) that
[info] will contain Hosting assets to be uploaded with firebase deploy. If you
[info] have a build process for your assets, use your build's output directory.
[info] 
[debug] [2022-11-10T01:54:57.052Z] >>> [apiv2][query] GET https://www.gstatic.com/firebasejs/releases.json [none]
[debug] [2022-11-10T01:54:57.587Z] <<< [apiv2][status] GET https://www.gstatic.com/firebasejs/releases.json 200
[debug] [2022-11-10T01:54:57.587Z] <<< [apiv2][body] GET https://www.gstatic.com/firebasejs/releases.json {"current":{"version":"9.13.0","browserURL":"https://www.gstatic.com/firebasejs/9.13.0/firebase.js","packageURL":"https://www.gstatic.com/firebasejs/9.13.0/firebase.tgz"},"live":{"version":"9.13","browserURL":"https://www.gstatic.com/firebasejs/live/9.13/firebase.js","packageURL":"https://www.gstatic.com/firebasejs/live/9.13/firebase.tgz"},"components":{"analytics":"https://www.gstatic.com/firebasejs/9.13.0/firebase-analytics.js","app":"https://www.gstatic.com/firebasejs/9.13.0/firebase-app.js","app-check":"https://www.gstatic.com/firebasejs/9.13.0/firebase-app-check.js","auth":"https://www.gstatic.com/firebasejs/9.13.0/firebase-auth.js","auth/cordova":"https://www.gstatic.com/firebasejs/9.13.0/firebase-auth/cordova.js","auth/react-native":"https://www.gstatic.com/firebasejs/9.13.0/firebase-auth/react-native.js","functions":"https://www.gstatic.com/firebasejs/9.13.0/firebase-functions.js","firestore":"https://www.gstatic.com/firebasejs/9.13.0/firebase-firestore.js","firestore/lite":"https://www.gstatic.com/firebasejs/9.13.0/firebase-firestore/lite.js","installations":"https://www.gstatic.com/firebasejs/9.13.0/firebase-installations.js","storage":"https://www.gstatic.com/firebasejs/9.13.0/firebase-storage.js","performance":"https://www.gstatic.com/firebasejs/9.13.0/firebase-performance.js","remote-config":"https://www.gstatic.com/firebasejs/9.13.0/firebase-remote-config.js","messaging":"https://www.gstatic.com/firebasejs/9.13.0/firebase-messaging.js","messaging/sw":"https://www.gstatic.com/firebasejs/9.13.0/firebase-messaging/sw.js","database":"https://www.gstatic.com/firebasejs/9.13.0/firebase-database.js","firestore.memory":"https://www.gstatic.com/firebasejs/9.13.0/firebase-firestore.memory.js"}}
[info] +  Wrote public/index.html 
[info] 
[info] i  Didn't detect a .git folder. Assuming E:\sn_data\Daisuke potofilow\portofilow is the project root. 
[info] i  Authorizing with GitHub to upload your service account to a GitHub repository's secrets store. 
[info] 
[info] Visit this URL on this device to log in:
[info] https://github.com/login/oauth/authorize?client_id=89cf50f02ac6aaed3484&state=615796276&redirect_uri=http%3A%2F%2Flocalhost%3A9005&scope=read%3Auser%20repo%20public_repo
[info] 
[info] Waiting for authentication...
[debug] [2022-11-10T01:55:19.775Z] >>> [apiv2][query] POST https://github.com/login/oauth/access_token [none]
[debug] [2022-11-10T01:55:19.776Z] >>> [apiv2][body] POST https://github.com/login/oauth/access_token [stream]
[debug] [2022-11-10T01:55:20.793Z] <<< [apiv2][status] POST https://github.com/login/oauth/access_token 200
[debug] [2022-11-10T01:55:20.793Z] <<< [apiv2][body] POST https://github.com/login/oauth/access_token {"access_token":"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","token_type":"bearer","scope":"read:user,repo"}
[debug] [2022-11-10T01:55:20.834Z] >>> [apiv2][query] GET https://api.github.com/user [none]
[debug] [2022-11-10T01:55:21.770Z] <<< [apiv2][status] GET https://api.github.com/user 200
[debug] [2022-11-10T01:55:21.770Z] <<< [apiv2][body] GET https://api.github.com/user {"login":"hidekiBoss","id":111259646,"node_id":"U_kgDOBqGv_g","avatar_url":"https://avatars.githubusercontent.com/u/111259646?v=4","gravatar_id":"","url":"https://api.github.com/users/hidekiBoss","html_url":"https://github.com/hidekiBoss","followers_url":"https://api.github.com/users/hidekiBoss/followers","following_url":"https://api.github.com/users/hidekiBoss/following{/other_user}","gists_url":"https://api.github.com/users/hidekiBoss/gists{/gist_id}","starred_url":"https://api.github.com/users/hidekiBoss/starred{/owner}{/repo}","subscriptions_url":"https://api.github.com/users/hidekiBoss/subscriptions","organizations_url":"https://api.github.com/users/hidekiBoss/orgs","repos_url":"https://api.github.com/users/hidekiBoss/repos","events_url":"https://api.github.com/users/hidekiBoss/events{/privacy}","received_events_url":"https://api.github.com/users/hidekiBoss/received_events","type":"User","site_admin":false,"name":"hidekiBoss","company":null,"blog":"","location":null,"email":null,"hireable":null,"bio":null,"twitter_username":null,"public_repos":2,"public_gists":0,"followers":2,"following":2,"created_at":"2022-08-15T02:22:48Z","updated_at":"2022-10-16T09:27:26Z","private_gists":0,"total_private_repos":1,"owned_private_repos":1,"disk_usage":0,"collaborators":0,"two_factor_authentication":false,"plan":{"name":"free","space":976562499,"collaborators":0,"private_repos":10000}}
[info] 
[info] +  Success! Logged into GitHub as hidekiBoss 
[info] 
[debug] [2022-11-10T01:58:23.738Z] Error: kill ENOSYS
    at process.kill (node:internal/process/per_thread:220:13)
    at process.listener (C:\Users\Crystal\AppData\Roaming\npm\node_modules\firebase-tools\node_modules\signal-exit\index.js:95:15)
    at process.emit (node:events:527:28)
[error] 
[error] Error: An unexpected error has occurred.
